<?xml version="1.0" encoding="UTF-8"?>
<!-- Generated by org.testng.reporters.JUnitXMLReporter -->
<testsuite ignored="3" hostname="DESKTOP-Q6IOT3H" failures="0" tests="1" name="Default test" time="27.471" errors="0" timestamp="2024-09-24T00:03:13 IST">
  <testcase classname="tests.LoginTest" name="testValidLogin" time="10.426"/>
  <testcase classname="tests.LoginTest" name="testIncorrectPassword" time="0.0">
    <ignored/>
  </testcase> <!-- testIncorrectPassword -->
  <testcase classname="tests.LoginTest" name="testInvalidEmailFormat" time="0.0">
    <ignored/>
  </testcase> <!-- testInvalidEmailFormat -->
  <testcase classname="tests.LoginTest" name="testEmptyFields" time="0.0">
    <ignored/>
  </testcase> <!-- testEmptyFields -->
</testsuite> <!-- Default test -->
