<?xml version="1.0" encoding="UTF-8"?>
<testng-results ignored="3" total="4" passed="1" failed="0" skipped="0">
  <reporter-output>
  </reporter-output>
  <suite started-at="2024-09-24T00:02:45 IST" name="Default suite" finished-at="2024-09-24T00:03:13 IST" duration-ms="27471">
    <groups>
    </groups>
    <test started-at="2024-09-24T00:02:45 IST" name="Default test" finished-at="2024-09-24T00:03:13 IST" duration-ms="27471">
      <class name="tests.LoginTest">
        <test-method is-config="true" signature="setUp()[pri:0, instance:tests.LoginTest@1a482e36]" started-at="2024-09-24T00:02:45 IST" name="setUp" finished-at="2024-09-24T00:03:01 IST" duration-ms="16171" status="PASS">
          <reporter-output>
          </reporter-output>
        </test-method> <!-- setUp -->
        <test-method signature="testValidLogin()[pri:0, instance:tests.LoginTest@1a482e36]" started-at="2024-09-24T00:03:01 IST" name="testValidLogin" finished-at="2024-09-24T00:03:12 IST" duration-ms="10426" status="PASS">
          <reporter-output>
          </reporter-output>
        </test-method> <!-- testValidLogin -->
        <test-method is-config="true" signature="tearDown()[pri:0, instance:tests.LoginTest@1a482e36]" started-at="2024-09-24T00:03:12 IST" name="tearDown" finished-at="2024-09-24T00:03:13 IST" duration-ms="793" status="PASS">
          <reporter-output>
          </reporter-output>
        </test-method> <!-- tearDown -->
      </class> <!-- tests.LoginTest -->
    </test> <!-- Default test -->
  </suite> <!-- Default suite -->
</testng-results>
